  [1m[35m (1.5ms)[0m  [1m[35mCREATE TABLE "schema_migrations" ("version" varchar NOT NULL PRIMARY KEY)[0m
  [1m[35m (0.8ms)[0m  [1m[35mCREATE TABLE "ar_internal_metadata" ("key" varchar NOT NULL PRIMARY KEY, "value" varchar, "created_at" datetime NOT NULL, "updated_at" datetime NOT NULL)[0m
  [1m[36mActiveRecord::SchemaMigration Load (0.1ms)[0m  [1m[34mSELECT "schema_migrations".* FROM "schema_migrations"[0m
Migrating to CreateUsers (20160827181329)
  [1m[35m (0.1ms)[0m  [1m[36mbegin transaction[0m
  [1m[35m (0.4ms)[0m  [1m[35mCREATE TABLE "users" ("id" INTEGER PRIMARY KEY AUTOINCREMENT NOT NULL, "first_name" varchar, "last_name" varchar, "email_address" varchar, "phone_number" varchar, "city" varchar, "blocked_users" varchar, "rating" float, "created_at" datetime NOT NULL, "updated_at" datetime NOT NULL)[0m
  [1m[35mSQL (0.2ms)[0m  [1m[32mINSERT INTO "schema_migrations" ("version") VALUES (?)[0m  [["version", "20160827181329"]]
  [1m[35m (0.6ms)[0m  [1m[36mcommit transaction[0m
Migrating to CreateTasks (20160827181439)
  [1m[35m (0.0ms)[0m  [1m[36mbegin transaction[0m
  [1m[35m (0.3ms)[0m  [1m[35mCREATE TABLE "tasks" ("id" INTEGER PRIMARY KEY AUTOINCREMENT NOT NULL, "difficulty" integer, "points" integer, "requester_id" integer, "completer_id" integer, "category" varchar, "location" varchar, "completer_beginning_location" varchar, "start_time" time, "finish_time" time, "created_at" datetime NOT NULL, "updated_at" datetime NOT NULL)[0m
  [1m[35mSQL (0.1ms)[0m  [1m[32mINSERT INTO "schema_migrations" ("version") VALUES (?)[0m  [["version", "20160827181439"]]
  [1m[35m (0.5ms)[0m  [1m[36mcommit transaction[0m
Migrating to CreateMaps (20160827181444)
  [1m[35m (0.0ms)[0m  [1m[36mbegin transaction[0m
  [1m[35m (0.3ms)[0m  [1m[35mCREATE TABLE "maps" ("id" INTEGER PRIMARY KEY AUTOINCREMENT NOT NULL, "completer_location" float, "completer_id" float, "task_id" float, "created_at" datetime NOT NULL, "updated_at" datetime NOT NULL)[0m
  [1m[35mSQL (0.1ms)[0m  [1m[32mINSERT INTO "schema_migrations" ("version") VALUES (?)[0m  [["version", "20160827181444"]]
  [1m[35m (0.5ms)[0m  [1m[36mcommit transaction[0m
Migrating to CreateUserTasks (20160827182248)
  [1m[35m (0.1ms)[0m  [1m[36mbegin transaction[0m
  [1m[35m (0.3ms)[0m  [1m[35mCREATE TABLE "user_tasks" ("id" INTEGER PRIMARY KEY AUTOINCREMENT NOT NULL, "user_id" integer, "task_id" integer, "type" varchar, "created_at" datetime NOT NULL, "updated_at" datetime NOT NULL)[0m
  [1m[35mSQL (0.1ms)[0m  [1m[32mINSERT INTO "schema_migrations" ("version") VALUES (?)[0m  [["version", "20160827182248"]]
  [1m[35m (0.6ms)[0m  [1m[36mcommit transaction[0m
  [1m[36mActiveRecord::InternalMetadata Load (0.1ms)[0m  [1m[34mSELECT  "ar_internal_metadata".* FROM "ar_internal_metadata" WHERE "ar_internal_metadata"."key" = ? LIMIT ?[0m  [["key", :environment], ["LIMIT", 1]]
  [1m[35m (0.1ms)[0m  [1m[36mbegin transaction[0m
  [1m[35mSQL (0.2ms)[0m  [1m[32mINSERT INTO "ar_internal_metadata" ("key", "value", "created_at", "updated_at") VALUES (?, ?, ?, ?)[0m  [["key", "environment"], ["value", "development"], ["created_at", 2016-08-27 18:31:51 UTC], ["updated_at", 2016-08-27 18:31:51 UTC]]
  [1m[35m (0.8ms)[0m  [1m[36mcommit transaction[0m
  [1m[36mActiveRecord::SchemaMigration Load (0.1ms)[0m  [1m[34mSELECT "schema_migrations".* FROM "schema_migrations"[0m
  [1m[36mUser Load (1.4ms)[0m  [1m[34mSELECT "users".* FROM "users"[0m
  [1m[36mTask Load (0.3ms)[0m  [1m[34mSELECT "tasks".* FROM "tasks"[0m
DEPRECATION WARNING: Time columns will become time zone aware in Rails 5.1. This
still causes `String`s to be parsed as if they were in `Time.zone`,
and `Time`s to be converted to `Time.zone`.

To keep the old behavior, you must add the following to your initializer:

    config.active_record.time_zone_aware_types = [:datetime]

To silence this deprecation warning, add the following:

    config.active_record.time_zone_aware_types = [:datetime, :time]
 (called from <top (required)> at /Users/bbraxton/Documents/atKarma/atkarma/bin/rails:9)
DEPRECATION WARNING: Time columns will become time zone aware in Rails 5.1. This
still causes `String`s to be parsed as if they were in `Time.zone`,
and `Time`s to be converted to `Time.zone`.

To keep the old behavior, you must add the following to your initializer:

    config.active_record.time_zone_aware_types = [:datetime]

To silence this deprecation warning, add the following:

    config.active_record.time_zone_aware_types = [:datetime, :time]
 (called from <top (required)> at /Users/bbraxton/Documents/atKarma/atkarma/bin/rails:9)
  [1m[36mTask Load (3.0ms)[0m  [1m[34mSELECT "tasks".* FROM "tasks"[0m
DEPRECATION WARNING: Time columns will become time zone aware in Rails 5.1. This
still causes `String`s to be parsed as if they were in `Time.zone`,
and `Time`s to be converted to `Time.zone`.

To keep the old behavior, you must add the following to your initializer:

    config.active_record.time_zone_aware_types = [:datetime]

To silence this deprecation warning, add the following:

    config.active_record.time_zone_aware_types = [:datetime, :time]
 (called from <top (required)> at /Users/bbraxton/Documents/atKarma/atkarma/bin/rails:9)
DEPRECATION WARNING: Time columns will become time zone aware in Rails 5.1. This
still causes `String`s to be parsed as if they were in `Time.zone`,
and `Time`s to be converted to `Time.zone`.

To keep the old behavior, you must add the following to your initializer:

    config.active_record.time_zone_aware_types = [:datetime]

To silence this deprecation warning, add the following:

    config.active_record.time_zone_aware_types = [:datetime, :time]
 (called from <top (required)> at /Users/bbraxton/Documents/atKarma/atkarma/bin/rails:9)
  [1m[36mTask Load (1.3ms)[0m  [1m[34mSELECT "tasks".* FROM "tasks"[0m
DEPRECATION WARNING: Time columns will become time zone aware in Rails 5.1. This
still causes `String`s to be parsed as if they were in `Time.zone`,
and `Time`s to be converted to `Time.zone`.

To keep the old behavior, you must add the following to your initializer:

    config.active_record.time_zone_aware_types = [:datetime]

To silence this deprecation warning, add the following:

    config.active_record.time_zone_aware_types = [:datetime, :time]
 (called from <top (required)> at /Users/bbraxton/Documents/atKarma/atkarma/bin/rails:9)
DEPRECATION WARNING: Time columns will become time zone aware in Rails 5.1. This
still causes `String`s to be parsed as if they were in `Time.zone`,
and `Time`s to be converted to `Time.zone`.

To keep the old behavior, you must add the following to your initializer:

    config.active_record.time_zone_aware_types = [:datetime]

To silence this deprecation warning, add the following:

    config.active_record.time_zone_aware_types = [:datetime, :time]
 (called from <top (required)> at /Users/bbraxton/Documents/atKarma/atkarma/bin/rails:9)
  [1m[36mTask Load (1.7ms)[0m  [1m[34mSELECT "tasks".* FROM "tasks"[0m
DEPRECATION WARNING: Time columns will become time zone aware in Rails 5.1. This
still causes `String`s to be parsed as if they were in `Time.zone`,
and `Time`s to be converted to `Time.zone`.

To keep the old behavior, you must add the following to your initializer:

    config.active_record.time_zone_aware_types = [:datetime]

To silence this deprecation warning, add the following:

    config.active_record.time_zone_aware_types = [:datetime, :time]
 (called from <top (required)> at /Users/bbraxton/Documents/atKarma/atkarma/bin/rails:9)
DEPRECATION WARNING: Time columns will become time zone aware in Rails 5.1. This
still causes `String`s to be parsed as if they were in `Time.zone`,
and `Time`s to be converted to `Time.zone`.

To keep the old behavior, you must add the following to your initializer:

    config.active_record.time_zone_aware_types = [:datetime]

To silence this deprecation warning, add the following:

    config.active_record.time_zone_aware_types = [:datetime, :time]
 (called from <top (required)> at /Users/bbraxton/Documents/atKarma/atkarma/bin/rails:9)
  [1m[36mTask Load (1.7ms)[0m  [1m[34mSELECT "tasks".* FROM "tasks"[0m
DEPRECATION WARNING: Time columns will become time zone aware in Rails 5.1. This
still causes `String`s to be parsed as if they were in `Time.zone`,
and `Time`s to be converted to `Time.zone`.

To keep the old behavior, you must add the following to your initializer:

    config.active_record.time_zone_aware_types = [:datetime]

To silence this deprecation warning, add the following:

    config.active_record.time_zone_aware_types = [:datetime, :time]
 (called from <top (required)> at /Users/bbraxton/Documents/atKarma/atkarma/bin/rails:9)
DEPRECATION WARNING: Time columns will become time zone aware in Rails 5.1. This
still causes `String`s to be parsed as if they were in `Time.zone`,
and `Time`s to be converted to `Time.zone`.

To keep the old behavior, you must add the following to your initializer:

    config.active_record.time_zone_aware_types = [:datetime]

To silence this deprecation warning, add the following:

    config.active_record.time_zone_aware_types = [:datetime, :time]
 (called from <top (required)> at /Users/bbraxton/Documents/atKarma/atkarma/bin/rails:9)
  [1m[36mTask Load (1.9ms)[0m  [1m[34mSELECT "tasks".* FROM "tasks"[0m
DEPRECATION WARNING: Time columns will become time zone aware in Rails 5.1. This
still causes `String`s to be parsed as if they were in `Time.zone`,
and `Time`s to be converted to `Time.zone`.

To keep the old behavior, you must add the following to your initializer:

    config.active_record.time_zone_aware_types = [:datetime]

To silence this deprecation warning, add the following:

    config.active_record.time_zone_aware_types = [:datetime, :time]
 (called from <top (required)> at /Users/bbraxton/Documents/atKarma/atkarma/bin/rails:9)
DEPRECATION WARNING: Time columns will become time zone aware in Rails 5.1. This
still causes `String`s to be parsed as if they were in `Time.zone`,
and `Time`s to be converted to `Time.zone`.

To keep the old behavior, you must add the following to your initializer:

    config.active_record.time_zone_aware_types = [:datetime]

To silence this deprecation warning, add the following:

    config.active_record.time_zone_aware_types = [:datetime, :time]
 (called from <top (required)> at /Users/bbraxton/Documents/atKarma/atkarma/bin/rails:9)
  [1m[36mTask Load (1.3ms)[0m  [1m[34mSELECT "tasks".* FROM "tasks"[0m
DEPRECATION WARNING: Time columns will become time zone aware in Rails 5.1. This
still causes `String`s to be parsed as if they were in `Time.zone`,
and `Time`s to be converted to `Time.zone`.

To keep the old behavior, you must add the following to your initializer:

    config.active_record.time_zone_aware_types = [:datetime]

To silence this deprecation warning, add the following:

    config.active_record.time_zone_aware_types = [:datetime, :time]
 (called from <top (required)> at /Users/bbraxton/Documents/atKarma/atkarma/bin/rails:9)
DEPRECATION WARNING: Time columns will become time zone aware in Rails 5.1. This
still causes `String`s to be parsed as if they were in `Time.zone`,
and `Time`s to be converted to `Time.zone`.

To keep the old behavior, you must add the following to your initializer:

    config.active_record.time_zone_aware_types = [:datetime]

To silence this deprecation warning, add the following:

    config.active_record.time_zone_aware_types = [:datetime, :time]
 (called from <top (required)> at /Users/bbraxton/Documents/atKarma/atkarma/bin/rails:9)
  [1m[35m (0.1ms)[0m  [1m[36mbegin transaction[0m
  [1m[35mSQL (0.6ms)[0m  [1m[32mINSERT INTO "tasks" ("created_at", "updated_at") VALUES (?, ?)[0m  [["created_at", 2016-08-27 18:54:36 UTC], ["updated_at", 2016-08-27 18:54:36 UTC]]
  [1m[35m (0.5ms)[0m  [1m[36mcommit transaction[0m
